<?xml version="1.0" encoding="UTF-8"?>
<!-- Generated by org.testng.reporters.JUnitReportReporter -->
<testsuite skipped="0" hostname="Mohannas-MBP.home" name="com.qa.ispeakbetter.test.AboutPageTest" tests="2" failures="0" timestamp="2020-10-22T22:31:01 EDT" time="15.759" errors="0">
  <testcase name="getAboutListTest" time="5.073" classname="com.qa.ispeakbetter.test.AboutPageTest"/>
  <system-out/>
  <testcase name="verifyMyVideoTest" time="10.686" classname="com.qa.ispeakbetter.test.AboutPageTest"/>
  <system-out/>
</testsuite> <!-- com.qa.ispeakbetter.test.AboutPageTest -->
