<?xml version="1.0" encoding="UTF-8"?>
<!-- Generated by org.testng.reporters.JUnitReportReporter -->
<testsuite skipped="0" hostname="Mohannas-MBP.home" name="com.qa.ispeakbetter.test.HomePageTest" tests="4" failures="0" timestamp="2020-10-22T22:45:02 EDT" time="25.868" errors="0">
  <testcase name="verifyPageTitleTest1" time="5.022" classname="com.qa.ispeakbetter.test.HomePageTest"/>
  <system-out/>
  <testcase name="verifyHomPageHeaderTest" time="0.032" classname="com.qa.ispeakbetter.test.HomePageTest"/>
  <system-out/>
  <testcase name="ChatBoxOpenTest" time="0.735" classname="com.qa.ispeakbetter.test.HomePageTest"/>
  <system-out/>
  <testcase name="chatBoxCloseTest" time="20.079" classname="com.qa.ispeakbetter.test.HomePageTest"/>
  <system-out/>
</testsuite> <!-- com.qa.ispeakbetter.test.HomePageTest -->
