<?xml version="1.0" encoding="UTF-8"?>
<!-- Generated by org.testng.reporters.JUnitReportReporter -->
<testsuite skipped="0" hostname="Mohannas-MBP.home" name="com.qa.ispeakbetter.test.BlogPageTest" tests="2" failures="0" timestamp="2020-10-22T22:44:17 EDT" time="13.048" errors="0">
  <testcase name="getBlogListTest" time="7.776" classname="com.qa.ispeakbetter.test.BlogPageTest"/>
  <system-out/>
  <testcase name="verifyMyBlogTest" time="5.272" classname="com.qa.ispeakbetter.test.BlogPageTest"/>
  <system-out/>
</testsuite> <!-- com.qa.ispeakbetter.test.BlogPageTest -->
