<?xml version="1.0" encoding="UTF-8"?>
<!-- Generated by org.testng.reporters.JUnitReportReporter -->
<testsuite skipped="0" hostname="Mohannas-MBP.home" name="com.qa.ispeakbetter.test.ContantPageTest" tests="2" failures="0" timestamp="2020-10-22T10:28:21 EDT" time="40.840" errors="0">
  <testcase name="verifyContactPageTest" time="5.191" classname="com.qa.ispeakbetter.test.ContantPageTest"/>
  <system-out/>
  <testcase name="verifyContactwithUsTest" time="35.649" classname="com.qa.ispeakbetter.test.ContantPageTest"/>
  <system-out/>
</testsuite> <!-- com.qa.ispeakbetter.test.ContantPageTest -->
